# JRE version: OpenJDK Runtime Environment (11.0.11+9) (build 11.0.11+9-b60-7590822)
# Java VM: OpenJDK 64-Bit Server VM (11.0.11+9-b60-7590822, mixed mode, tiered, compressed oops, g1 gc, windows-amd64)
Heap:
 garbage-first heap   total 191488K, used 83492K [0x0000000081e00000, 0x0000000100000000)
  region size 1024K, 34 young (34816K), 5 survivors (5120K)
 Metaspace       used 62372K, capacity 63120K, committed 63392K, reserved 1105920K
  class space    used 7098K, capacity 7405K, committed 7500K, reserved 1048576K
GC Heap History (20 events):
Event: 0.500 GC heap before
{Heap before GC invocations=0 (full 0):
 garbage-first heap   total 131072K, used 27648K [0x0000000081e00000, 0x0000000100000000)
  region size 1024K, 24 young (24576K), 0 survivors (0K)
 Metaspace       used 12304K, capacity 12341K, committed 12544K, reserved 1060864K
  class space    used 1157K, capacity 1174K, committed 1280K, reserved 1048576K
}
Event: 0.502 GC heap after
{Heap after GC invocations=1 (full 0):
 garbage-first heap   total 131072K, used 5808K [0x0000000081e00000, 0x0000000100000000)
  region size 1024K, 3 young (3072K), 3 survivors (3072K)
 Metaspace       used 12304K, capacity 12341K, committed 12544K, reserved 1060864K
  class space    used 1157K, capacity 1174K, committed 1280K, reserved 1048576K
}
Event: 1.101 GC heap before
{Heap before GC invocations=1 (full 0):
 garbage-first heap   total 131072K, used 42672K [0x0000000081e00000, 0x0000000100000000)
  region size 1024K, 40 young (40960K), 3 survivors (3072K)
 Metaspace       used 20985K, capacity 21148K, committed 21248K, reserved 1069056K
  class space    used 2215K, capacity 2278K, committed 2304K, reserved 1048576K
}
Event: 1.109 GC heap after
{Heap after GC invocations=2 (full 0):
 garbage-first heap   total 131072K, used 9540K [0x0000000081e00000, 0x0000000100000000)
  region size 1024K, 7 young (7168K), 7 survivors (7168K)
 Metaspace       used 20985K, capacity 21148K, committed 21248K, reserved 1069056K
  class space    used 2215K, capacity 2278K, committed 2304K, reserved 1048576K
}
Event: 1.923 GC heap before
{Heap before GC invocations=3 (full 0):
 garbage-first heap   total 131072K, used 73028K [0x0000000081e00000, 0x0000000100000000)
  region size 1024K, 57 young (58368K), 7 survivors (7168K)
 Metaspace       used 31870K, capacity 32307K, committed 32640K, reserved 1077248K
  class space    used 3953K, capacity 4114K, committed 4224K, reserved 1048576K
}
Event: 1.935 GC heap after
{Heap after GC invocations=4 (full 0):
 garbage-first heap   total 131072K, used 24022K [0x0000000081e00000, 0x0000000100000000)
  region size 1024K, 8 young (8192K), 8 survivors (8192K)
 Metaspace       used 31870K, capacity 32307K, committed 32640K, reserved 1077248K
  class space    used 3953K, capacity 4114K, committed 4224K, reserved 1048576K
}
Event: 2.179 GC heap before
{Heap before GC invocations=4 (full 0):
 garbage-first heap   total 131072K, used 39382K [0x0000000081e00000, 0x0000000100000000)
  region size 1024K, 24 young (24576K), 8 survivors (8192K)
 Metaspace       used 35057K, capacity 35487K, committed 35628K, reserved 1081344K
  class space    used 4296K, capacity 4470K, committed 4480K, reserved 1048576K
}
Event: 2.194 GC heap after
{Heap after GC invocations=5 (full 0):
 garbage-first heap   total 131072K, used 23689K [0x0000000081e00000, 0x0000000100000000)
  region size 1024K, 2 young (2048K), 2 survivors (2048K)
 Metaspace       used 35057K, capacity 35487K, committed 35628K, reserved 1081344K
  class space    used 4296K, capacity 4470K, committed 4480K, reserved 1048576K
}
Event: 2.955 GC heap before
{Heap before GC invocations=6 (full 0):
 garbage-first heap   total 131072K, used 69769K [0x0000000081e00000, 0x0000000100000000)
  region size 1024K, 47 young (48128K), 2 survivors (2048K)
 Metaspace       used 45062K, capacity 45487K, committed 45688K, reserved 1089536K
  class space    used 5310K, capacity 5472K, committed 5580K, reserved 1048576K
}
Event: 2.962 GC heap after
{Heap after GC invocations=7 (full 0):
 garbage-first heap   total 157696K, used 27451K [0x0000000081e00000, 0x0000000100000000)
  region size 1024K, 6 young (6144K), 6 survivors (6144K)
 Metaspace       used 45062K, capacity 45487K, committed 45688K, reserved 1089536K
  class space    used 5310K, capacity 5472K, committed 5580K, reserved 1048576K
}
Event: 3.519 GC heap before
{Heap before GC invocations=7 (full 0):
 garbage-first heap   total 157696K, used 87867K [0x0000000081e00000, 0x0000000100000000)
  region size 1024K, 62 young (63488K), 6 survivors (6144K)
 Metaspace       used 48801K, capacity 49346K, committed 49656K, reserved 1093632K
  class space    used 5651K, capacity 5852K, committed 5964K, reserved 1048576K
}
Event: 3.532 GC heap after
{Heap after GC invocations=8 (full 0):
 garbage-first heap   total 157696K, used 36377K [0x0000000081e00000, 0x0000000100000000)
  region size 1024K, 7 young (7168K), 7 survivors (7168K)
 Metaspace       used 48801K, capacity 49346K, committed 49656K, reserved 1093632K
  class space    used 5651K, capacity 5852K, committed 5964K, reserved 1048576K
}
Event: 4.437 GC heap before
{Heap before GC invocations=8 (full 0):
 garbage-first heap   total 157696K, used 95769K [0x0000000081e00000, 0x0000000100000000)
  region size 1024K, 65 young (66560K), 7 survivors (7168K)
 Metaspace       used 53733K, capacity 54269K, committed 54392K, reserved 1097728K
  class space    used 6072K, capacity 6294K, committed 6348K, reserved 1048576K
}
Event: 4.456 GC heap after
{Heap after GC invocations=9 (full 0):
 garbage-first heap   total 157696K, used 45918K [0x0000000081e00000, 0x0000000100000000)
  region size 1024K, 9 young (9216K), 9 survivors (9216K)
 Metaspace       used 53733K, capacity 54269K, committed 54392K, reserved 1097728K
  class space    used 6072K, capacity 6294K, committed 6348K, reserved 1048576K
}
Event: 4.705 GC heap before
{Heap before GC invocations=9 (full 0):
 garbage-first heap   total 157696K, used 104286K [0x0000000081e00000, 0x0000000100000000)
  region size 1024K, 66 young (67584K), 9 survivors (9216K)
 Metaspace       used 54045K, capacity 54703K, committed 54904K, reserved 1097728K
  class space    used 6093K, capacity 6332K, committed 6348K, reserved 1048576K
}
Event: 4.724 GC heap after
{Heap after GC invocations=10 (full 0):
 garbage-first heap   total 157696K, used 50176K [0x0000000081e00000, 0x0000000100000000)
  region size 1024K, 4 young (4096K), 4 survivors (4096K)
 Metaspace       used 54045K, capacity 54703K, committed 54904K, reserved 1097728K
  class space    used 6093K, capacity 6332K, committed 6348K, reserved 1048576K
}
Event: 5.233 GC heap before
{Heap before GC invocations=10 (full 0):
 garbage-first heap   total 157696K, used 108544K [0x0000000081e00000, 0x0000000100000000)
  region size 1024K, 61 young (62464K), 4 survivors (4096K)
 Metaspace       used 57198K, capacity 57826K, committed 58104K, reserved 1101824K
  class space    used 6449K, capacity 6689K, committed 6732K, reserved 1048576K
}
Event: 5.244 GC heap after
{Heap after GC invocations=11 (full 0):
 garbage-first heap   total 191488K, used 53890K [0x0000000081e00000, 0x0000000100000000)
  region size 1024K, 8 young (8192K), 8 survivors (8192K)
 Metaspace       used 57198K, capacity 57826K, committed 58104K, reserved 1101824K
  class space    used 6449K, capacity 6689K, committed 6732K, reserved 1048576K
}
Event: 5.448 GC heap before
{Heap before GC invocations=11 (full 0):
 garbage-first heap   total 191488K, used 61058K [0x0000000081e00000, 0x0000000100000000)
  region size 1024K, 16 young (16384K), 8 survivors (8192K)
 Metaspace       used 59137K, capacity 59768K, committed 59936K, reserved 1101824K
  class space    used 6774K, capacity 7040K, committed 7116K, reserved 1048576K
}
Event: 5.456 GC heap after
{Heap after GC invocations=12 (full 0):
 garbage-first heap   total 191488K, used 54820K [0x0000000081e00000, 0x0000000100000000)
  region size 1024K, 5 young (5120K), 5 survivors (5120K)
 Metaspace       used 59137K, capacity 59768K, committed 59936K, reserved 1101824K
  class space    used 6774K, capacity 7040K, committed 7116K, reserved 1048576K
}

