# JRE version: OpenJDK Runtime Environment (11.0.11+9) (build 11.0.11+9-b60-7590822)
# Java VM: OpenJDK 64-Bit Server VM (11.0.11+9-b60-7590822, mixed mode, tiered, compressed oops, g1 gc, windows-amd64)
Heap:
 garbage-first heap   total 238592K, used 54550K [0x0000000081e00000, 0x0000000100000000)
  region size 1024K, 7 young (7168K), 7 survivors (7168K)
 Metaspace       used 59123K, capacity 59800K, committed 59904K, reserved 1101824K
  class space    used 6777K, capacity 7072K, committed 7168K, reserved 1048576K
GC Heap History (17 events):
Event: 0.392 GC heap before
{Heap before GC invocations=0 (full 0):
 garbage-first heap   total 131072K, used 27648K [0x0000000081e00000, 0x0000000100000000)
  region size 1024K, 24 young (24576K), 0 survivors (0K)
 Metaspace       used 12306K, capacity 12341K, committed 12544K, reserved 1060864K
  class space    used 1157K, capacity 1174K, committed 1280K, reserved 1048576K
}
Event: 0.395 GC heap after
{Heap after GC invocations=1 (full 0):
 garbage-first heap   total 131072K, used 5758K [0x0000000081e00000, 0x0000000100000000)
  region size 1024K, 3 young (3072K), 3 survivors (3072K)
 Metaspace       used 12306K, capacity 12341K, committed 12544K, reserved 1060864K
  class space    used 1157K, capacity 1174K, committed 1280K, reserved 1048576K
}
Event: 0.831 GC heap before
{Heap before GC invocations=1 (full 0):
 garbage-first heap   total 131072K, used 42622K [0x0000000081e00000, 0x0000000100000000)
  region size 1024K, 40 young (40960K), 3 survivors (3072K)
 Metaspace       used 20956K, capacity 21148K, committed 21248K, reserved 1069056K
  class space    used 2215K, capacity 2278K, committed 2304K, reserved 1048576K
}
Event: 0.841 GC heap after
{Heap after GC invocations=2 (full 0):
 garbage-first heap   total 131072K, used 9549K [0x0000000081e00000, 0x0000000100000000)
  region size 1024K, 7 young (7168K), 7 survivors (7168K)
 Metaspace       used 20956K, capacity 21148K, committed 21248K, reserved 1069056K
  class space    used 2215K, capacity 2278K, committed 2304K, reserved 1048576K
}
Event: 1.528 GC heap before
{Heap before GC invocations=3 (full 0):
 garbage-first heap   total 131072K, used 73037K [0x0000000081e00000, 0x0000000100000000)
  region size 1024K, 57 young (58368K), 7 survivors (7168K)
 Metaspace       used 31883K, capacity 32339K, committed 32640K, reserved 1077248K
  class space    used 3962K, capacity 4146K, committed 4224K, reserved 1048576K
}
Event: 1.544 GC heap after
{Heap after GC invocations=4 (full 0):
 garbage-first heap   total 131072K, used 23707K [0x0000000081e00000, 0x0000000100000000)
  region size 1024K, 8 young (8192K), 8 survivors (8192K)
 Metaspace       used 31883K, capacity 32339K, committed 32640K, reserved 1077248K
  class space    used 3962K, capacity 4146K, committed 4224K, reserved 1048576K
}
Event: 1.726 GC heap before
{Heap before GC invocations=4 (full 0):
 garbage-first heap   total 131072K, used 39067K [0x0000000081e00000, 0x0000000100000000)
  region size 1024K, 24 young (24576K), 8 survivors (8192K)
 Metaspace       used 35077K, capacity 35487K, committed 35628K, reserved 1081344K
  class space    used 4312K, capacity 4470K, committed 4480K, reserved 1048576K
}
Event: 1.739 GC heap after
{Heap after GC invocations=5 (full 0):
 garbage-first heap   total 131072K, used 23490K [0x0000000081e00000, 0x0000000100000000)
  region size 1024K, 2 young (2048K), 2 survivors (2048K)
 Metaspace       used 35077K, capacity 35487K, committed 35628K, reserved 1081344K
  class space    used 4312K, capacity 4470K, committed 4480K, reserved 1048576K
}
Event: 2.334 GC heap before
{Heap before GC invocations=6 (full 0):
 garbage-first heap   total 131072K, used 72642K [0x0000000081e00000, 0x0000000100000000)
  region size 1024K, 48 young (49152K), 2 survivors (2048K)
 Metaspace       used 45438K, capacity 45939K, committed 46080K, reserved 1089536K
  class space    used 5360K, capacity 5537K, committed 5632K, reserved 1048576K
}
Event: 2.344 GC heap after
{Heap after GC invocations=7 (full 0):
 garbage-first heap   total 169984K, used 29587K [0x0000000081e00000, 0x0000000100000000)
  region size 1024K, 6 young (6144K), 6 survivors (6144K)
 Metaspace       used 45438K, capacity 45939K, committed 46080K, reserved 1089536K
  class space    used 5360K, capacity 5537K, committed 5632K, reserved 1048576K
}
Event: 3.077 GC heap before
{Heap before GC invocations=7 (full 0):
 garbage-first heap   total 169984K, used 92051K [0x0000000081e00000, 0x0000000100000000)
  region size 1024K, 66 young (67584K), 6 survivors (6144K)
 Metaspace       used 49122K, capacity 49638K, committed 49664K, reserved 1093632K
  class space    used 5687K, capacity 5886K, committed 5888K, reserved 1048576K
}
Event: 3.097 GC heap after
{Heap after GC invocations=8 (full 0):
 garbage-first heap   total 169984K, used 36199K [0x0000000081e00000, 0x0000000100000000)
  region size 1024K, 9 young (9216K), 9 survivors (9216K)
 Metaspace       used 49122K, capacity 49638K, committed 49664K, reserved 1093632K
  class space    used 5687K, capacity 5886K, committed 5888K, reserved 1048576K
}
Event: 4.089 GC heap before
{Heap before GC invocations=8 (full 0):
 garbage-first heap   total 169984K, used 99687K [0x0000000081e00000, 0x0000000100000000)
  region size 1024K, 71 young (72704K), 9 survivors (9216K)
 Metaspace       used 53754K, capacity 54336K, committed 54528K, reserved 1097728K
  class space    used 6078K, capacity 6296K, committed 6400K, reserved 1048576K
}
Event: 4.125 GC heap after
{Heap after GC invocations=9 (full 0):
 garbage-first heap   total 169984K, used 46444K [0x0000000081e00000, 0x0000000100000000)
  region size 1024K, 9 young (9216K), 9 survivors (9216K)
 Metaspace       used 53754K, capacity 54336K, committed 54528K, reserved 1097728K
  class space    used 6078K, capacity 6296K, committed 6400K, reserved 1048576K
}
Event: 4.334 GC heap before
{Heap before GC invocations=9 (full 0):
 garbage-first heap   total 169984K, used 108908K [0x0000000081e00000, 0x0000000100000000)
  region size 1024K, 70 young (71680K), 9 survivors (9216K)
 Metaspace       used 54005K, capacity 54574K, committed 54784K, reserved 1097728K
  class space    used 6095K, capacity 6332K, committed 6400K, reserved 1048576K
}
Event: 4.350 GC heap after
{Heap after GC invocations=10 (full 0):
 garbage-first heap   total 169984K, used 50688K [0x0000000081e00000, 0x0000000100000000)
  region size 1024K, 3 young (3072K), 3 survivors (3072K)
 Metaspace       used 54005K, capacity 54574K, committed 54784K, reserved 1097728K
  class space    used 6095K, capacity 6332K, committed 6400K, reserved 1048576K
}
Event: 5.117 GC heap before
{Heap before GC invocations=10 (full 0):
 garbage-first heap   total 169984K, used 101888K [0x0000000081e00000, 0x0000000100000000)
  region size 1024K, 54 young (55296K), 3 survivors (3072K)
 Metaspace       used 59123K, capacity 59800K, committed 59904K, reserved 1101824K
  class space    used 6777K, capacity 7072K, committed 7168K, reserved 1048576K
}

